0 info it worked if it ends with ok
1 verbose cli [ 'C:\\Program Files\\nodejs\\node.exe',
1 verbose cli   'C:\\Program Files\\nodejs\\node_modules\\npm\\bin\\npm-cli.js',
1 verbose cli   'run',
1 verbose cli   'dev' ]
2 info using npm@3.10.10
3 info using node@v6.10.0
4 verbose run-script [ 'predev', 'dev', 'postdev' ]
5 info lifecycle blog_react_webpack@1.0.0~predev: blog_react_webpack@1.0.0
6 silly lifecycle blog_react_webpack@1.0.0~predev: no script for predev, continuing
7 info lifecycle blog_react_webpack@1.0.0~dev: blog_react_webpack@1.0.0
8 verbose lifecycle blog_react_webpack@1.0.0~dev: unsafe-perm in lifecycle true
9 verbose lifecycle blog_react_webpack@1.0.0~dev: PATH: C:\Program Files\nodejs\node_modules\npm\bin\node-gyp-bin;D:\scj\blog_front\node_modules\.bin;C:\Users\USER\bin;C:\Program Files\Git\mingw64\bin;C:\Program Files\Git\usr\local\bin;C:\Program Files\Git\usr\bin;C:\Program Files\Git\usr\bin;C:\Program Files\Git\mingw64\bin;C:\Program Files\Git\usr\bin;C:\Users\USER\bin;C:\app\USER\product\11.2.0\client_1;C:\ProgramData\Oracle\Java\javapath;C:\WINDOWS\system32;C:\WINDOWS;C:\WINDOWS\System32\Wbem;C:\WINDOWS\System32\WindowsPowerShell\v1.0;C:\Program Files\Git\cmd;D:\maven\bin;C:\Program Files\nodejs;C:\Program Files (x86)\Java\jdk1.7.0_79\bin;C:\Users\USER\AppData\Local\Microsoft\WindowsApps;C:\Users\USER\AppData\Roaming\npm;C:\Program Files\Git\usr\bin\vendor_perl;C:\Program Files\Git\usr\bin\core_perl
10 verbose lifecycle blog_react_webpack@1.0.0~dev: CWD: D:\scj\blog_front
11 silly lifecycle blog_react_webpack@1.0.0~dev: Args: [ '/d /s /c',
11 silly lifecycle   'webpack-dev-server  --port 8088 --inline --hot ' ]
12 silly lifecycle blog_react_webpack@1.0.0~dev: Returned: code: 1  signal: null
13 info lifecycle blog_react_webpack@1.0.0~dev: Failed to exec dev script
14 verbose stack Error: blog_react_webpack@1.0.0 dev: `webpack-dev-server  --port 8088 --inline --hot `
14 verbose stack Exit status 1
14 verbose stack     at EventEmitter.<anonymous> (C:\Program Files\nodejs\node_modules\npm\lib\utils\lifecycle.js:255:16)
14 verbose stack     at emitTwo (events.js:106:13)
14 verbose stack     at EventEmitter.emit (events.js:191:7)
14 verbose stack     at ChildProcess.<anonymous> (C:\Program Files\nodejs\node_modules\npm\lib\utils\spawn.js:40:14)
14 verbose stack     at emitTwo (events.js:106:13)
14 verbose stack     at ChildProcess.emit (events.js:191:7)
14 verbose stack     at maybeClose (internal/child_process.js:877:16)
14 verbose stack     at Process.ChildProcess._handle.onexit (internal/child_process.js:226:5)
15 verbose pkgid blog_react_webpack@1.0.0
16 verbose cwd D:\scj\blog_front
17 error Windows_NT 10.0.14393
18 error argv "C:\\Program Files\\nodejs\\node.exe" "C:\\Program Files\\nodejs\\node_modules\\npm\\bin\\npm-cli.js" "run" "dev"
19 error node v6.10.0
20 error npm  v3.10.10
21 error code ELIFECYCLE
22 error blog_react_webpack@1.0.0 dev: `webpack-dev-server  --port 8088 --inline --hot `
22 error Exit status 1
23 error Failed at the blog_react_webpack@1.0.0 dev script 'webpack-dev-server  --port 8088 --inline --hot '.
23 error Make sure you have the latest version of node.js and npm installed.
23 error If you do, this is most likely a problem with the blog_react_webpack package,
23 error not with npm itself.
23 error Tell the author that this fails on your system:
23 error     webpack-dev-server  --port 8088 --inline --hot
23 error You can get information on how to open an issue for this project with:
23 error     npm bugs blog_react_webpack
23 error Or if that isn't available, you can get their info via:
23 error     npm owner ls blog_react_webpack
23 error There is likely additional logging output above.
24 verbose exit [ 1, true ]
